<?xml version="1.0" encoding="UTF-8"?>
<!-- Generated by org.testng.reporters.JUnitReportReporter -->
<testsuite skipped="0" hostname="LAPTOP-A8332NNU" name="com.Automation.Interview.HowmanyLinks" tests="1" failures="0" timestamp="06 Jul 2018 17:55:31 GMT" time="57.572" errors="0">
  <testcase name="howmanylinkspresent" time="57.572" classname="com.Automation.Interview.HowmanyLinks"/>
</testsuite> <!-- com.Automation.Interview.HowmanyLinks -->
