<?xml version="1.0" encoding="UTF-8"?>
<!-- Generated by org.testng.reporters.JUnitReportReporter -->
<testsuite skipped="0" hostname="LAPTOP-A8332NNU" name="com.Automation.Interview.MiniMizeBrowser" tests="1" failures="0" timestamp="14 Jul 2018 11:20:27 GMT" time="18.227" errors="0">
  <testcase name="mini" time="18.227" classname="com.Automation.Interview.MiniMizeBrowser"/>
</testsuite> <!-- com.Automation.Interview.MiniMizeBrowser -->
