<?xml version="1.0" encoding="UTF-8"?>
<!-- Generated by org.testng.reporters.JUnitReportReporter -->
<testsuite skipped="0" hostname="LAPTOP-A8332NNU" name="com.Automation.Interview.Groups2" tests="2" failures="0" timestamp="09 Jul 2018 17:59:39 GMT" time="0.005" errors="0">
  <testcase name="test1" time="0.000" classname="com.Automation.Interview.Groups2"/>
  <testcase name="test2" time="0.005" classname="com.Automation.Interview.Groups2"/>
</testsuite> <!-- com.Automation.Interview.Groups2 -->
