<?xml version="1.0" encoding="UTF-8"?>
<!-- Generated by org.testng.reporters.JUnitReportReporter -->
<testsuite skipped="0" hostname="LAPTOP-A8332NNU" name="com.Automation.Interview.ExcelReader" tests="1" failures="0" timestamp="09 Jul 2018 06:07:42 GMT" time="1.281" errors="0">
  <testcase name="excel" time="1.281" classname="com.Automation.Interview.ExcelReader"/>
</testsuite> <!-- com.Automation.Interview.ExcelReader -->
