<?xml version="1.0" encoding="UTF-8"?>
<!-- Generated by org.testng.reporters.JUnitReportReporter -->
<testsuite skipped="0" hostname="LAPTOP-A8332NNU" name="com.Automation.Interview.FaildTest1" tests="1" failures="0" timestamp="03 Sep 2018 15:27:23 GMT" time="0.041" errors="0">
  <testcase name="fb" time="0.041" classname="com.Automation.Interview.FaildTest1"/>
</testsuite> <!-- com.Automation.Interview.FaildTest1 -->
