<?xml version="1.0" encoding="UTF-8"?>
<!-- Generated by org.testng.reporters.JUnitReportReporter -->
<testsuite skipped="0" hostname="LAPTOP-A8332NNU" name="com.Automation.Interview.FaildTest2" tests="1" failures="0" timestamp="03 Sep 2018 15:27:23 GMT" time="0.005" errors="0">
  <testcase name="twiter" time="0.005" classname="com.Automation.Interview.FaildTest2"/>
</testsuite> <!-- com.Automation.Interview.FaildTest2 -->
