<?xml version="1.0" encoding="UTF-8"?>
<!-- Generated by org.testng.reporters.JUnitReportReporter -->
<testsuite hostname="LAPTOP-A8332NNU" failures="0" tests="1" name="com.Automation.Facebook.TestNgDemo" time="0.015" errors="0" timestamp="04 May 2018 03:40:04 GMT" skipped="0">
  <testcase classname="com.Automation.Facebook.TestNgDemo" name="test" time="0.015"/>
</testsuite> <!-- com.Automation.Facebook.TestNgDemo -->
