<?xml version="1.0" encoding="UTF-8"?>
<!-- Generated by org.testng.reporters.JUnitReportReporter -->
<testsuite skipped="0" hostname="LAPTOP-A8332NNU" name="com.Automation.Interview.DateFormate" tests="1" failures="0" timestamp="10 Jul 2018 08:36:33 GMT" time="0.043" errors="0">
  <testcase name="datedemo" time="0.043" classname="com.Automation.Interview.DateFormate"/>
</testsuite> <!-- com.Automation.Interview.DateFormate -->
