<?xml version="1.0" encoding="UTF-8"?>
<!-- Generated by org.testng.reporters.JUnitReportReporter -->
<testsuite hostname="LAPTOP-A8332NNU" failures="0" tests="1" name="com.Automation.Facebook.Screenshot" time="35.604" errors="0" timestamp="04 May 2018 03:30:05 GMT" skipped="0">
  <testcase classname="com.Automation.Facebook.Screenshot" name="capture" time="35.604"/>
</testsuite> <!-- com.Automation.Facebook.Screenshot -->
