<?xml version="1.0" encoding="UTF-8"?>
<!-- Generated by org.testng.reporters.JUnitReportReporter -->
<testsuite skipped="0" hostname="LAPTOP-A8332NNU" name="com.Automation.Fluent.JSReadyStatePageLoad" tests="1" failures="0" timestamp="06 Jul 2018 17:23:55 GMT" time="0.103" errors="0">
  <testcase name="pageLoad" time="0.103" classname="com.Automation.Fluent.JSReadyStatePageLoad"/>
</testsuite> <!-- com.Automation.Fluent.JSReadyStatePageLoad -->
