<?xml version="1.0" encoding="UTF-8"?>
<!-- Generated by org.testng.reporters.JUnitReportReporter -->
<testsuite skipped="0" hostname="LAPTOP-A8332NNU" name="com.JavaProgrames.FirefoxDriverDemo" tests="1" failures="0" timestamp="13 Jul 2018 16:56:15 GMT" time="65.345" errors="0">
  <testcase name="setup" time="65.345" classname="com.JavaProgrames.FirefoxDriverDemo"/>
</testsuite> <!-- com.JavaProgrames.FirefoxDriverDemo -->
