<?xml version="1.0" encoding="UTF-8"?>
<!-- Generated by org.testng.reporters.JUnitReportReporter -->
<testsuite skipped="0" hostname="LAPTOP-A8332NNU" name="com.Automation.Interview.InvocationCountDemo" tests="11" failures="0" timestamp="09 Jul 2018 17:59:39 GMT" time="0.037" errors="0">
  <testcase name="test1" time="0.000" classname="com.Automation.Interview.InvocationCountDemo"/>
  <testcase name="test1" time="0.001" classname="com.Automation.Interview.InvocationCountDemo"/>
  <testcase name="test2" time="0.000" classname="com.Automation.Interview.InvocationCountDemo"/>
  <testcase name="test1" time="0.000" classname="com.Automation.Interview.InvocationCountDemo"/>
  <testcase name="test1" time="0.001" classname="com.Automation.Interview.InvocationCountDemo"/>
  <testcase name="test1" time="0.002" classname="com.Automation.Interview.InvocationCountDemo"/>
  <testcase name="test1" time="0.022" classname="com.Automation.Interview.InvocationCountDemo"/>
  <testcase name="test1" time="0.001" classname="com.Automation.Interview.InvocationCountDemo"/>
  <testcase name="test1" time="0.001" classname="com.Automation.Interview.InvocationCountDemo"/>
  <testcase name="test1" time="0.001" classname="com.Automation.Interview.InvocationCountDemo"/>
  <testcase name="test1" time="0.008" classname="com.Automation.Interview.InvocationCountDemo"/>
</testsuite> <!-- com.Automation.Interview.InvocationCountDemo -->
