<?xml version="1.0" encoding="UTF-8"?>
<!-- Generated by org.testng.reporters.JUnitReportReporter -->
<testsuite skipped="0" hostname="LAPTOP-A8332NNU" name="com.Automation.Interview.Paralell" tests="1" failures="0" timestamp="03 Sep 2018 15:59:39 GMT" time="0.016" errors="0">
  <testcase name="test1" time="0.016" classname="com.Automation.Interview.Paralell"/>
</testsuite> <!-- com.Automation.Interview.Paralell -->
